<?xml version="1.0" encoding="UTF-8"?>
<!-- Generated by org.testng.reporters.JUnitReportReporter -->
<testsuite hostname="LAPTOP-VJHB024D" failures="0" tests="7" name="com.siddu.groups.Testpayee" time="0.010" errors="0" timestamp="2024-02-27T15:04:53 IST" skipped="0">
  <testcase classname="com.siddu.groups.Testpayee" name="Editpayee" time="0.001"/>
  <testcase classname="com.siddu.groups.Testpayee" name="DeletePayee" time="0.001"/>
  <testcase classname="com.siddu.groups.Testpayee" name="addpayee" time="0.002"/>
  <testcase classname="com.siddu.groups.Testpayee" name="Verifypayee" time="0.001"/>
  <testcase classname="com.siddu.groups.Testpayee" name="TransferToPayee" time="0.001"/>
  <testcase classname="com.siddu.groups.Testpayee" name="Verifypayee" time="0.003"/>
  <testcase classname="com.siddu.groups.Testpayee" name="addpayee" time="0.001"/>
</testsuite> <!-- com.siddu.groups.Testpayee -->
