<?xml version="1.0" encoding="UTF-8"?>
<!-- Generated by org.testng.reporters.JUnitReportReporter -->
<testsuite hostname="LAPTOP-VJHB024D" failures="0" tests="2" name="com.siddu.Test.W3Schools" time="20.909" errors="0" timestamp="2024-02-26T13:14:29 IST" skipped="0">
  <testcase classname="com.siddu.Test.W3Schools" name="VerifyExcercisepage" time="5.528"/>
  <testcase classname="com.siddu.Test.W3Schools" name="VerifyW3schools" time="15.381"/>
</testsuite> <!-- com.siddu.Test.W3Schools -->
