<?xml version="1.0" encoding="UTF-8"?>
<!-- Generated by org.testng.reporters.JUnitReportReporter -->
<testsuite hostname="LAPTOP-VJHB024D" failures="0" tests="3" name="com.siddu.groups.Dependency" time="0.029" errors="0" timestamp="2024-03-05T10:24:00 IST" skipped="0">
  <testcase classname="com.siddu.groups.Dependency" name="Createshipment" time="0.025"/>
  <testcase classname="com.siddu.groups.Dependency" name="Cancelshipment" time="0.002"/>
  <testcase classname="com.siddu.groups.Dependency" name="Trackshipment" time="0.002"/>
</testsuite> <!-- com.siddu.groups.Dependency -->
