<?xml version="1.0" encoding="UTF-8"?>
<!-- Generated by org.testng.reporters.JUnitReportReporter -->
<testsuite hostname="LAPTOP-VJHB024D" failures="0" tests="1" name="com.siddu.groups.ReturnTypesDataProvider" time="0.007" errors="0" timestamp="2024-03-26T15:07:10 IST" skipped="0">
  <testcase classname="com.siddu.groups.ReturnTypesDataProvider" name="datatypes" time="0.007"/>
</testsuite> <!-- com.siddu.groups.ReturnTypesDataProvider -->
