<?xml version="1.0" encoding="UTF-8"?>
<!-- Generated by org.testng.reporters.JUnitReportReporter -->
<testsuite hostname="LAPTOP-VJHB024D" failures="0" tests="1" name="practiceTestNG.Testclass" time="0.012" errors="0" timestamp="2024-02-21T13:34:08 IST" skipped="0">
  <testcase classname="practiceTestNG.Testclass" name="test" time="0.012"/>
</testsuite> <!-- practiceTestNG.Testclass -->
