<?xml version="1.0" encoding="UTF-8"?>
<!-- Generated by org.testng.reporters.JUnitReportReporter -->
<testsuite hostname="LAPTOP-VJHB024D" failures="0" tests="10" name="com.siddu.groups.Invocation" time="120.427" errors="0" timestamp="2024-03-11T10:48:49 IST" skipped="0">
  <testcase classname="com.siddu.groups.Invocation" name="getdata" time="13.610"/>
  <testcase classname="com.siddu.groups.Invocation" name="getdata" time="13.684"/>
  <testcase classname="com.siddu.groups.Invocation" name="getdata" time="11.156"/>
  <testcase classname="com.siddu.groups.Invocation" name="getdata" time="12.146"/>
  <testcase classname="com.siddu.groups.Invocation" name="getdata" time="9.376"/>
  <testcase classname="com.siddu.groups.Invocation" name="getdata" time="13.662"/>
  <testcase classname="com.siddu.groups.Invocation" name="getdata" time="10.704"/>
  <testcase classname="com.siddu.groups.Invocation" name="getdata" time="13.634"/>
  <testcase classname="com.siddu.groups.Invocation" name="getdata" time="11.232"/>
  <testcase classname="com.siddu.groups.Invocation" name="getdata" time="11.223"/>
</testsuite> <!-- com.siddu.groups.Invocation -->
