<?xml version="1.0" encoding="UTF-8"?>
<!-- Generated by org.testng.reporters.JUnitReportReporter -->
<testsuite hostname="LAPTOP-VJHB024D" failures="0" tests="13" name="com.siddu.groups.TestGroups" time="0.030" errors="0" timestamp="2024-02-27T15:04:53 IST" skipped="0">
  <testcase classname="com.siddu.groups.TestGroups" name="HistoryUpdated" time="0.001"/>
  <testcase classname="com.siddu.groups.TestGroups" name="register" time="0.002"/>
  <testcase classname="com.siddu.groups.TestGroups" name="BaanceInquiry" time="0.000"/>
  <testcase classname="com.siddu.groups.TestGroups" name="Transaction" time="0.001"/>
  <testcase classname="com.siddu.groups.TestGroups" name="Builddeployment" time="0.002"/>
  <testcase classname="com.siddu.groups.TestGroups" name="login" time="0.002"/>
  <testcase classname="com.siddu.groups.TestGroups" name="BaanceInquiry" time="0.013"/>
  <testcase classname="com.siddu.groups.TestGroups" name="insall" time="0.002"/>
  <testcase classname="com.siddu.groups.TestGroups" name="login" time="0.001"/>
  <testcase classname="com.siddu.groups.TestGroups" name="Builddeployment" time="0.001"/>
  <testcase classname="com.siddu.groups.TestGroups" name="Transaction" time="0.001"/>
  <testcase classname="com.siddu.groups.TestGroups" name="register" time="0.003"/>
  <testcase classname="com.siddu.groups.TestGroups" name="insall" time="0.001"/>
</testsuite> <!-- com.siddu.groups.TestGroups -->
